#
# A fatal error has been detected by the Java Runtime Environment:
#
#  EXCEPTION_ACCESS_VIOLATION (0xc0000005) at pc=0x00007fffdb2882d7, pid=11496, tid=21796
#
# JRE version: Java(TM) SE Runtime Environment (22.0.2+9) (build 22.0.2+9-70)
# Java VM: Java HotSpot(TM) 64-Bit Server VM (22.0.2+9-70, mixed mode, sharing, tiered, compressed oops, compressed class ptrs, g1 gc, windows-amd64)
# Problematic frame:
# C  0x00007fffdb2882d7
#
# No core dump will be written. Minidumps are not enabled by default on client versions of Windows
#
# If you would like to submit a bug report, please visit:
#   https://bugreport.java.com/bugreport/crash.jsp
#

---------------  S U M M A R Y ------------

Command Line: -javaagent:C:\Program Files\JetBrains\IntelliJ IDEA 2025.1.2\lib\idea_rt.jar=59241 -Dfile.encoding=UTF-8 -Dsun.stdout.encoding=UTF-8 -Dsun.stderr.encoding=UTF-8 --module-path=C:\Users\josea\.m2\repository\org\openjfx\javafx-fxml\22.0.1\javafx-fxml-22.0.1-win.jar;C:\Users\josea\.m2\repository\org\openjfx\javafx-media\22.0.1\javafx-media-22.0.1-win.jar;C:\Users\josea\.m2\repository\org\openjfx\javafx-controls\22.0.1\javafx-controls-22.0.1-win.jar;C:\Users\josea\.m2\repository\com\gluonhq\attach\lifecycle\4.0.17\lifecycle-4.0.17.jar;C:\Users\josea\.m2\repository\org\json\json\20250517\json-20250517.jar;C:\Users\josea\.m2\repository\org\openjfx\javafx-graphics\22.0.1\javafx-graphics-22.0.1-win.jar;C:\Users\josea\.m2\repository\com\github\almasb\fxgl-io\17.3\fxgl-io-17.3.jar;C:\Users\josea\.m2\repository\org\kordamp\ikonli\ikonli-core\12.3.1\ikonli-core-12.3.1.jar;C:\Users\josea\.m2\repository\org\controlsfx\controlsfx\11.2.1\controlsfx-11.2.1.jar;C:\Users\josea\.m2\repository\com\gluonhq\attach\storage\4.0.17\storage-4.0.17.jar;C:\Users\josea\.m2\repository\com\fasterxml\jackson\core\jackson-databind\2.14.2\jackson-databind-2.14.2.jar;C:\Users\josea\Downloads\Programacion\proyectoPoo2\target\classes;C:\Users\josea\.m2\repository\org\openjfx\javafx-base\22.0.1\javafx-base-22.0.1-win.jar;C:\Users\josea\.m2\repository\com\github\almasb\fxgl-entity\17.3\fxgl-entity-17.3.jar;C:\Users\josea\.m2\repository\com\github\almasb\fxgl-core\17.3\fxgl-core-17.3.jar;C:\Users\josea\.m2\repository\com\fasterxml\jackson\core\jackson-annotations\2.14.2\jackson-annotations-2.14.2.jar;C:\Users\josea\.m2\repository\org\jetbrains\kotlin\kotlin-stdlib\1.8.10\kotlin-stdlib-1.8.10.jar;C:\Users\josea\.m2\repository\com\github\almasb\fxgl\17.3\fxgl-17.3.jar;C:\Users\josea\.m2\repository\com\github\almasb\fxgl-gameplay\17.3\fxgl-gameplay-17.3.jar;C:\Users\josea\.m2\repository\com\github\almasb\fxgl-scene\17.3\fxgl-scene-17.3.jar;C:\Users\josea\.m2\repository\com\gluonhq\attach\util\4.0.17\util-4.0.17.jar;C:\Users\josea\.m2\repository\org\kordamp\bootstrapfx\bootstrapfx-core\0.4.0\bootstrapfx-core-0.4.0.jar;C:\Users\josea\.m2\repository\com\fasterxml\jackso-Djdk.module.main=org.example.juego org.example.juego/org.example.juego.JuegoApplication

Host: Intel(R) Core(TM) Ultra 9 185H, 22 cores, 31G,  Windows 11 , 64 bit Build 26100 (10.0.26100.4202)
Time: Sat Jun 21 15:46:57 2025 Hora estándar de Venezuela elapsed time: 35.825226 seconds (0d 0h 0m 35s)

---------------  T H R E A D  ---------------

Current thread (0x0000013ea4fa3fe0):  VMThread "VM Thread"          [id=21796, stack(0x00000016ab500000,0x00000016ab600000) (1024K)]

Stack: [0x00000016ab500000,0x00000016ab600000],  sp=0x00000016ab5ff0a0,  free space=1020k
Native frames: (J=compiled Java code, j=interpreted, Vv=VM code, C=native code)
C  0x00007fffdb2882d7  (no source info available)
C  [ucrtbase.dll+0x4bc75]  (no source info available)
C  [ucrtbase.dll+0x4b897]  (no source info available)
C  [ucrtbase.dll+0x4b84d]  (no source info available)
C  0x00007fffdb285a6d  (no source info available)
C  0x00007fffdb285b92  (no source info available)
C  [ntdll.dll+0x72983]  (no source info available)
C  [ntdll.dll+0x3dc2f]  (no source info available)
C  [ntdll.dll+0x3c504]  (no source info available)
C  [KERNEL32.DLL+0x418ab]  (no source info available)
C  [ucrtbase.dll+0xa0093]  (no source info available)
V  [jvm.dll+0x6db87b]  (no source info available)
V  [jvm.dll+0x6db3b0]  (no source info available)
V  [jvm.dll+0x3e2314]  (no source info available)
V  [jvm.dll+0x87e0f0]  (no source info available)
V  [jvm.dll+0x87f477]  (no source info available)
V  [jvm.dll+0x87f9f0]  (no source info available)
V  [jvm.dll+0x87fc93]  (no source info available)
V  [jvm.dll+0x81dc0b]  (no source info available)
V  [jvm.dll+0x6e0d85]  (no source info available)
C  [ucrtbase.dll+0x37b0]  (no source info available)
C  [KERNEL32.DLL+0x2e8d7]  (no source info available)
C  [ntdll.dll+0x3c34c]  (no source info available)


siginfo: EXCEPTION_ACCESS_VIOLATION (0xc0000005), reading address 0x0000000000000000


Registers:
RAX=0x0000000000000000, RBX=0x0000013ea4fb4662, RCX=0x0000013ea4fa3fe0, RDX=0x00000016ab5ff0a0
RSP=0x00000016ab5ff0a0, RBP=0x0000b5d22c752039, RSI=0x0000013eee5aea78, RDI=0x0000013eee5aea50
R8 =0x0000000000010002, R9 =0x0000b5d22c752039, R10=0x0000013e80ae0000, R11=0x00000016ab5fef50
R12=0x00007fffdb260000, R13=0x000000007ffe0385, R14=0x00000016ab5ff1a8, R15=0x0000013eee5aea50
RIP=0x00007fffdb2882d7, EFLAGS=0x0000000000010202


Register to memory mapping:

RAX=0x0 is null
RBX=0x0000013ea4fb4662 is a global jni handle
RCX=0x0000013ea4fa3fe0 points into unknown readable memory: 0x00007fff7ed050a0 | a0 50 d0 7e ff 7f 00 00
RDX=0x00000016ab5ff0a0 points into unknown readable memory: 0x0000000000000000 | 00 00 00 00 00 00 00 00
RSP=0x00000016ab5ff0a0 points into unknown readable memory: 0x0000000000000000 | 00 00 00 00 00 00 00 00
RBP=0x0000b5d22c752039 is an unknown value
RSI=0x0000013eee5aea78 points into unknown readable memory: 0x0000b5d22c752039 | 39 20 75 2c d2 b5 00 00
RDI=0x0000013eee5aea50 points into unknown readable memory: 0xf000b52dd3c37094 | 94 70 c3 d3 2d b5 00 f0
R8 =0x0000000000010002 is an unknown value
R9 =0x0000b5d22c752039 is an unknown value
R10=0x0000013e80ae0000 points into unknown readable memory: 0x0000000000000000 | 00 00 00 00 00 00 00 00
R11=0x00000016ab5fef50 points into unknown readable memory: 0x0000000000000000 | 00 00 00 00 00 00 00 00
R12=0x00007fffdb260000 points into unknown readable memory: 0x0000000300905a4d | 4d 5a 90 00 03 00 00 00
R13=0x000000007ffe0385 points into unknown readable memory: 00 00 00
R14=0x00000016ab5ff1a8 points into unknown readable memory: 0x00000016ab5ff190 | 90 f1 5f ab 16 00 00 00
R15=0x0000013eee5aea50 points into unknown readable memory: 0xf000b52dd3c37094 | 94 70 c3 d3 2d b5 00 f0

Top of Stack: (sp=0x00000016ab5ff0a0)
0x00000016ab5ff0a0:   0000000000000000 0000013e00000000
0x00000016ab5ff0b0:   0000013eeeb7fe90 00007fffdb260000
0x00000016ab5ff0c0:   0000013eee5aea58 00007ff83b4fbc75
0x00000016ab5ff0d0:   0000013eee5aea50 0000013e00000000
0x00000016ab5ff0e0:   0000013eee5aea70 0000b5d22c752039
0x00000016ab5ff0f0:   fffffffffffffffe 00007ff83b8396ab
0x00000016ab5ff100:   0000000000000000 00007fffdb260000
0x00000016ab5ff110:   00000016ab5ff198 00007ff83b4fb897
0x00000016ab5ff120:   00000016ab5ff100 00000016ab5ff1a8
0x00000016ab5ff130:   00000016ab5ff6d0 00007ff83b5e88c0
0x00000016ab5ff140:   0000000000000001 00007ff83b4fb84d
0x00000016ab5ff150:   0000000000000000 0000000000000001
0x00000016ab5ff160:   0000000000000001 00000016ab5ff198
0x00000016ab5ff170:   fffffffffffffffe 000000007ffe0384
0x00000016ab5ff180:   0000000000000000 00007fffdb285a6d
0x00000016ab5ff190:   00007fffdb29d078 00007fff00000002
0x00000016ab5ff1a0:   0000013e00000002 00000016ab5ff190
0x00000016ab5ff1b0:   00007ff839ed0000 0000000000000001
0x00000016ab5ff1c0:   0000000000000000 00007fffdb285b92
0x00000016ab5ff1d0:   0000000000000001 000000007ffe0384
0x00000016ab5ff1e0:   000000007ffe0384 0000000000000001
0x00000016ab5ff1f0:   0000000000000001 0000000000000000
0x00000016ab5ff200:   0000000000000001 00000000000000bc
0x00000016ab5ff210:   00007fffdb285be0 0000000000000001
0x00000016ab5ff220:   0000000000000001 00007ff83ddf2983
0x00000016ab5ff230:   00007fffdb260000 0000000000000000
0x00000016ab5ff240:   0000000000000001 000000007ffe0384
0x00000016ab5ff250:   000000000000008d 0000000000000000
0x00000016ab5ff260:   0000000000000000 0000000000000000
0x00000016ab5ff270:   00007fffdb260000 fffffa4600000000
0x00000016ab5ff280:   00000000000000ba 0000000000000000
0x00000016ab5ff290:   0000000000000000 0000013e80f96110 

Instructions: (pc=0x00007fffdb2882d7)
0x00007fffdb2881d7:   8b 4d 58 e8 49 cf ff ff 48 8b 4d 60 e8 40 cf ff
0x00007fffdb2881e7:   ff 48 8b 95 80 00 00 00 48 8b 8d 18 01 00 00 e8
0x00007fffdb2881f7:   26 c5 ff ff 33 d2 33 c9 e8 8c e1 ff ff 90 48 89
0x00007fffdb288207:   54 24 10 55 48 83 ec 20 48 8b ea 48 b8 00 00 00
0x00007fffdb288217:   00 00 00 00 00 48 83 c4 20 5d c3 cc 40 55 48 8b
0x00007fffdb288227:   ea 48 8b 01 33 c9 81 38 05 00 00 c0 0f 94 c1 8b
0x00007fffdb288237:   c1 5d c3 cc 40 55 48 83 ec 20 48 8b ea 8a 4d 40
0x00007fffdb288247:   48 83 c4 20 5d e9 33 d3 ff ff cc 40 55 48 83 ec
0x00007fffdb288257:   20 48 8b ea 8a 4d 20 e8 21 d3 ff ff 90 48 83 c4
0x00007fffdb288267:   20 5d c3 cc 40 55 48 83 ec 20 48 8b ea 48 83 c4
0x00007fffdb288277:   20 5d e9 82 d1 ff ff cc 40 55 48 83 ec 30 48 8b
0x00007fffdb288287:   ea 48 8b 01 8b 10 48 89 4c 24 28 89 54 24 20 4c
0x00007fffdb288297:   8d 0d 23 d6 ff ff 4c 8b 45 70 8b 55 68 48 8b 4d
0x00007fffdb2882a7:   60 e8 c3 d0 ff ff 90 48 83 c4 30 5d c3 cc cc cc
0x00007fffdb2882b7:   cc cc cc cc cc cc cc cc cc 40 53 48 83 ec 20 48
0x00007fffdb2882c7:   8b 1d 6b 47 01 00 48 85 db 74 16 e8 39 90 ff ff
0x00007fffdb2882d7:   4c 8b 00 48 8b d3 48 8b c8 41 ff 90 b0 00 00 00
0x00007fffdb2882e7:   90 48 83 c4 20 5b c3 cc cc 40 53 48 83 ec 20 48
0x00007fffdb2882f7:   8b 1d ab 48 01 00 48 85 db 74 57 b8 ff ff ff ff
0x00007fffdb288307:   f0 0f c1 43 10 83 f8 01 75 3d 48 85 db 74 38 48
0x00007fffdb288317:   8b 0b 48 85 c9 74 0d ff 15 8c 0f 00 00 48 c7 03
0x00007fffdb288327:   00 00 00 00 48 8b 4b 08 48 85 c9 74 0d e8 ef cd
0x00007fffdb288337:   ff ff 48 c7 43 08 00 00 00 00 ba 18 00 00 00 48
0x00007fffdb288347:   8b cb e8 da cd ff ff 48 c7 05 4f 48 01 00 00 00
0x00007fffdb288357:   00 00 48 83 c4 20 5b c3 cc 40 53 48 83 ec 20 48
0x00007fffdb288367:   8b 1d 1b 48 01 00 48 85 db 74 57 b8 ff ff ff ff
0x00007fffdb288377:   f0 0f c1 43 10 83 f8 01 75 3d 48 85 db 74 38 48
0x00007fffdb288387:   8b 0b 48 85 c9 74 0d ff 15 1c 0f 00 00 48 c7 03
0x00007fffdb288397:   00 00 00 00 48 8b 4b 08 48 85 c9 74 0d e8 7f cd
0x00007fffdb2883a7:   ff ff 48 c7 43 08 00 00 00 00 ba 18 00 00 00 48
0x00007fffdb2883b7:   8b cb e8 6a cd ff ff 48 c7 05 bf 47 01 00 00 00
0x00007fffdb2883c7:   00 00 48 83 c4 20 5b c3 cc 40 53 48 83 ec 20 48 


Stack slot to memory mapping:

stack at sp + 0 slots: 0x0 is null
stack at sp + 1 slots: 0x0000013e00000000 is an unknown value
stack at sp + 2 slots: 0x0000013eeeb7fe90 points into unknown readable memory: 0x0000013eeeb80010 | 10 00 b8 ee 3e 01 00 00
stack at sp + 3 slots: 0x00007fffdb260000 points into unknown readable memory: 0x0000000300905a4d | 4d 5a 90 00 03 00 00 00
stack at sp + 4 slots: 0x0000013eee5aea58 points into unknown readable memory: 0x0000b5d22c752039 | 39 20 75 2c d2 b5 00 00
stack at sp + 5 slots: 0x00007ff83b4fbc75 ucrtbase.dll
stack at sp + 6 slots: 0x0000013eee5aea50 points into unknown readable memory: 0xf000b52dd3c37094 | 94 70 c3 d3 2d b5 00 f0
stack at sp + 7 slots: 0x0000013e00000000 is an unknown value

VM_Operation (0x00000016abefedf0): Exit, mode: safepoint, requested by thread 0x0000013eeeafeba0


---------------  P R O C E S S  ---------------

Threads class SMR info:
_java_thread_list=0x0000013ef919ec90, length=23, elements={
0x0000013e82784c00, 0x0000013ea4fc58a0, 0x0000013ea4fc6500, 0x0000013ea81823d0,
0x0000013ea4fce3b0, 0x0000013ea4fda7f0, 0x0000013ea4fdc050, 0x0000013ea4fdde70,
0x0000013ea4fd8720, 0x0000013ea4fdae80, 0x0000013ea4fd9ad0, 0x0000013ea4fd8db0,
0x0000013ea4fd8090, 0x0000013ea4fdb510, 0x0000013ea4fda160, 0x0000013ea4fd9440,
0x0000013eeeafe510, 0x0000013eeeb005e0, 0x0000013eeeb00c70, 0x0000013eeeafd7f0,
0x0000013eeeafde80, 0x0000013eeeb01990, 0x0000013eeeafeba0
}

Java Threads: ( => current thread )
  0x0000013e82784c00 JavaThread "main"                              [_thread_blocked, id=7372, stack(0x00000016aae00000,0x00000016aaf00000) (1024K)]
  0x0000013ea4fc58a0 JavaThread "Reference Handler"          daemon [_thread_blocked, id=35188, stack(0x00000016ab600000,0x00000016ab700000) (1024K)]
  0x0000013ea4fc6500 JavaThread "Finalizer"                  daemon [_thread_blocked, id=34184, stack(0x00000016ab700000,0x00000016ab800000) (1024K)]
  0x0000013ea81823d0 JavaThread "Attach Listener"            daemon [_thread_blocked, id=24784, stack(0x00000016ab900000,0x00000016aba00000) (1024K)]
  0x0000013ea4fce3b0 JavaThread "Service Thread"             daemon [_thread_blocked, id=32728, stack(0x00000016aba00000,0x00000016abb00000) (1024K)]
  0x0000013ea4fda7f0 JavaThread "Monitor Deflation Thread"   daemon [_thread_blocked, id=23448, stack(0x00000016abb00000,0x00000016abc00000) (1024K)]
  0x0000013ea4fdc050 JavaThread "C2 CompilerThread0"         daemon [_thread_blocked, id=29404, stack(0x00000016abc00000,0x00000016abd00000) (1024K)]
  0x0000013ea4fdde70 JavaThread "C1 CompilerThread0"         daemon [_thread_blocked, id=5004, stack(0x00000016abd00000,0x00000016abe00000) (1024K)]
  0x0000013ea4fd8720 JavaThread "Common-Cleaner"             daemon [_thread_blocked, id=25780, stack(0x00000016ac000000,0x00000016ac100000) (1024K)]
  0x0000013ea4fdae80 JavaThread "Monitor Ctrl-Break"         daemon [_thread_in_native, id=19236, stack(0x00000016ac900000,0x00000016aca00000) (1024K)]
  0x0000013ea4fd9ad0 JavaThread "Notification Thread"        daemon [_thread_blocked, id=32972, stack(0x00000016aca00000,0x00000016acb00000) (1024K)]
  0x0000013ea4fd8db0 JavaThread "QuantumRenderer-0"          daemon [_thread_blocked, id=34844, stack(0x00000016ad600000,0x00000016ad700000) (1024K)]
  0x0000013ea4fd8090 JavaThread "RMI TCP Accept-0"           daemon [_thread_in_native, id=32064, stack(0x00000016ad800000,0x00000016ad900000) (1024K)]
  0x0000013ea4fdb510 JavaThread "RMI TCP Connection(1)-192.168.0.219" daemon [_thread_in_native, id=9992, stack(0x00000016ad900000,0x00000016ada00000) (1024K)]
  0x0000013ea4fda160 JavaThread "RMI Scheduler(0)"           daemon [_thread_blocked, id=32168, stack(0x00000016ada00000,0x00000016adb00000) (1024K)]
  0x0000013ea4fd9440 JavaThread "JMX server connection timeout 46" daemon [_thread_blocked, id=15372, stack(0x00000016adb00000,0x00000016adc00000) (1024K)]
  0x0000013eeeafe510 JavaThread "InvokeLaterDispatcher"      daemon [_thread_blocked, id=5504, stack(0x00000016adc00000,0x00000016add00000) (1024K)]
  0x0000013eeeb005e0 JavaThread "JavaFX Application Thread"         [_thread_in_native, id=15904, stack(0x00000016add00000,0x00000016ade00000) (1024K)]
  0x0000013eeeb00c70 JavaThread "JavaFX-Launcher"                   [_thread_blocked, id=1632, stack(0x00000016ac400000,0x00000016ac500000) (1024K)]
  0x0000013eeeafd7f0 JavaThread "Thread-2"                   daemon [_thread_in_native, id=23280, stack(0x00000016ac300000,0x00000016ac400000) (1024K)]
  0x0000013eeeafde80 JavaThread "Prism Font Disposer"        daemon [_thread_blocked, id=15476, stack(0x00000016ae670000,0x00000016ae770000) (1024K)]
  0x0000013eeeb01990 JavaThread "Cleaner-0"                  daemon [_thread_blocked, id=34492, stack(0x00000016ae770000,0x00000016ae870000) (1024K)]
  0x0000013eeeafeba0 JavaThread "SIGINT handler"             daemon [_thread_blocked, id=33544, stack(0x00000016abe00000,0x00000016abf00000) (1024K)]
Total: 23

Other Threads:
=>0x0000013ea4fa3fe0 VMThread "VM Thread"                           [id=21796, stack(0x00000016ab500000,0x00000016ab600000) (1024K)]
  0x0000013ea4e1f890 WorkerThread "GC Thread#0"                     [id=1892, stack(0x00000016aaf00000,0x00000016ab000000) (1024K)]
  0x0000013eee496020 WorkerThread "GC Thread#1"                     [id=26440, stack(0x00000016acb00000,0x00000016acc00000) (1024K)]
  0x0000013eee4963d0 WorkerThread "GC Thread#2"                     [id=6048, stack(0x00000016acc00000,0x00000016acd00000) (1024K)]
  0x0000013eeeb34010 WorkerThread "GC Thread#3"                     [id=34160, stack(0x00000016acd00000,0x00000016ace00000) (1024K)]
  0x0000013eeeb347d0 WorkerThread "GC Thread#4"                     [id=20676, stack(0x00000016ace00000,0x00000016acf00000) (1024K)]
  0x0000013eee5c6cc0 WorkerThread "GC Thread#5"                     [id=13524, stack(0x00000016acf00000,0x00000016ad000000) (1024K)]
  0x0000013eee5c7070 WorkerThread "GC Thread#6"                     [id=31184, stack(0x00000016ad000000,0x00000016ad100000) (1024K)]
  0x0000013eee948f80 WorkerThread "GC Thread#7"                     [id=34648, stack(0x00000016ad100000,0x00000016ad200000) (1024K)]
  0x0000013eee8e61d0 WorkerThread "GC Thread#8"                     [id=24036, stack(0x00000016ad200000,0x00000016ad300000) (1024K)]
  0x0000013eee8e6990 WorkerThread "GC Thread#9"                     [id=31996, stack(0x00000016ad300000,0x00000016ad400000) (1024K)]
  0x0000013eee7f7c80 WorkerThread "GC Thread#10"                    [id=19588, stack(0x00000016ad400000,0x00000016ad500000) (1024K)]
  0x0000013eee7f8030 WorkerThread "GC Thread#11"                    [id=26260, stack(0x00000016ad500000,0x00000016ad600000) (1024K)]
  0x0000013ef94e1d10 WorkerThread "GC Thread#12"                    [id=8368, stack(0x00000016ae170000,0x00000016ae270000) (1024K)]
  0x0000013ef94e45a0 WorkerThread "GC Thread#13"                    [id=14748, stack(0x00000016ae270000,0x00000016ae370000) (1024K)]
  0x0000013ef94e50b0 WorkerThread "GC Thread#14"                    [id=18632, stack(0x00000016ac700000,0x00000016ac800000) (1024K)]
  0x0000013ef94e2470 WorkerThread "GC Thread#15"                    [id=10260, stack(0x00000016ac800000,0x00000016ac900000) (1024K)]
  0x0000013ea4e207e0 ConcurrentGCThread "G1 Main Marker"            terminated
  0x0000013e82800ba0 WorkerThread "G1 Conc#0"                       [id=30480, stack(0x00000016ab100000,0x00000016ab200000) (1024K)]
  0x0000013ef94e2f80 WorkerThread "G1 Conc#1"                       [id=4388, stack(0x00000016adf70000,0x00000016ae070000) (1024K)]
  0x0000013ef94e4950 WorkerThread "G1 Conc#2"                       [id=29636, stack(0x00000016ae070000,0x00000016ae170000) (1024K)]
  0x0000013ef94e4d00 WorkerThread "G1 Conc#3"                       [id=33180, stack(0x00000016ae880000,0x00000016ae980000) (1024K)]
  0x0000013ea4edf770 ConcurrentGCThread "G1 Refine#0"               terminated
  0x0000013ea4ee00a0 ConcurrentGCThread "G1 Service"                terminated
Total: 24

Threads with active compile tasks:
Total: 0

VM state: at safepoint (shutting down)

VM Mutex/Monitor currently owned by a thread:  ([mutex/lock_event])
[0x00007fff7eedcb80] Threads_lock - owner thread: 0x0000013ea4fa3fe0
[0x00007fff7eedcc80] Heap_lock - owner thread: 0x0000013eeeafeba0

Heap address: 0x0000000604000000, size: 8128 MB, Compressed Oops mode: Zero based, Oop shift amount: 3

CDS archive(s) mapped at: [0x0000013ea9000000-0x0000013ea9c60000-0x0000013ea9c60000), size 12976128, SharedBaseAddress: 0x0000013ea9000000, ArchiveRelocationMode: 1.
Compressed class space mapped at: 0x0000013eaa000000-0x0000013eea000000, reserved size: 1073741824
Narrow klass base: 0x0000013ea9000000, Narrow klass shift: 0, Narrow klass range: 0x41000000

GC Precious Log:
 CardTable entry size: 512
 Card Set container configuration: InlinePtr #cards 4 size 8 Array Of Cards #cards 32 size 80 Howl #buckets 8 coarsen threshold 7372 Howl Bitmap #cards 1024 size 144 coarsen threshold 921 Card regions per heap region 1 cards per card region 8192
 CPUs: 22 total, 22 available
 Memory: 32509M
 Large Page Support: Disabled
 NUMA Support: Disabled
 Compressed Oops: Enabled (Zero based)
 Heap Region Size: 4M
 Heap Min Capacity: 8M
 Heap Initial Capacity: 508M
 Heap Max Capacity: 8128M
 Pre-touch: Disabled
 Parallel Workers: 16
 Concurrent Workers: 4
 Concurrent Refinement Workers: 16
 Periodic GC: Disabled

Heap:
 garbage-first heap   total reserved 8323072K, committed 81920K, used 51014K [0x0000000604000000, 0x0000000800000000)
  region size 4096K, 14 young (57344K), 5 survivors (20480K)
 Metaspace       used 23052K, committed 23552K, reserved 1114112K
  class space    used 3054K, committed 3264K, reserved 1048576K

Heap Regions: E=young(eden), S=young(survivor), O=old, HS=humongous(starts), HC=humongous(continues), CS=collection set, F=free, TAMS=top-at-mark-start, PB=parsable bottom
|   0|0x0000000604000000, 0x000000060401d538, 0x0000000604400000|  2%| O|Cm|TAMS 0x0000000604000000| PB 0x0000000604000000| Complete |  0
|   1|0x0000000604400000, 0x0000000604400000, 0x0000000604800000|  0%| F|  |TAMS 0x0000000604400000| PB 0x0000000604400000| Untracked |  0
|   2|0x0000000604800000, 0x0000000604800000, 0x0000000604c00000|  0%| F|  |TAMS 0x0000000604800000| PB 0x0000000604800000| Untracked |  0
|   3|0x0000000604c00000, 0x0000000604c00000, 0x0000000605000000|  0%| F|  |TAMS 0x0000000604c00000| PB 0x0000000604c00000| Untracked |  0
|   4|0x0000000605000000, 0x0000000605000000, 0x0000000605400000|  0%| F|  |TAMS 0x0000000605000000| PB 0x0000000605000000| Untracked |  0
|   5|0x0000000605400000, 0x0000000605400000, 0x0000000605800000|  0%| F|  |TAMS 0x0000000605400000| PB 0x0000000605400000| Untracked |  0
|   6|0x0000000605800000, 0x0000000605b62270, 0x0000000605c00000| 84%| E|  |TAMS 0x0000000605800000| PB 0x0000000605800000| Complete |  0
|   7|0x0000000605c00000, 0x0000000606000000, 0x0000000606000000|100%| E|CS|TAMS 0x0000000605c00000| PB 0x0000000605c00000| Complete |  0
|   8|0x0000000606000000, 0x0000000606400000, 0x0000000606400000|100%| E|CS|TAMS 0x0000000606000000| PB 0x0000000606000000| Complete |  0
|   9|0x0000000606400000, 0x0000000606800000, 0x0000000606800000|100%| E|CS|TAMS 0x0000000606400000| PB 0x0000000606400000| Complete |  0
|  10|0x0000000606800000, 0x0000000606c00000, 0x0000000606c00000|100%| E|CS|TAMS 0x0000000606800000| PB 0x0000000606800000| Complete |  0
|  11|0x0000000606c00000, 0x0000000607000000, 0x0000000607000000|100%| E|CS|TAMS 0x0000000606c00000| PB 0x0000000606c00000| Complete |  0
|  12|0x0000000607000000, 0x0000000607400000, 0x0000000607400000|100%| E|CS|TAMS 0x0000000607000000| PB 0x0000000607000000| Complete |  0
|  13|0x0000000607400000, 0x0000000607800000, 0x0000000607800000|100%| E|CS|TAMS 0x0000000607400000| PB 0x0000000607400000| Complete |  0
| 106|0x000000061e800000, 0x000000061e9b44a0, 0x000000061ec00000| 42%| S|CS|TAMS 0x000000061e800000| PB 0x000000061e800000| Complete |  0
| 107|0x000000061ec00000, 0x000000061f000000, 0x000000061f000000|100%| S|CS|TAMS 0x000000061ec00000| PB 0x000000061ec00000| Complete |  0
| 108|0x000000061f000000, 0x000000061f400000, 0x000000061f400000|100%| S|CS|TAMS 0x000000061f000000| PB 0x000000061f000000| Complete |  0
| 109|0x000000061f400000, 0x000000061f800000, 0x000000061f800000|100%| S|CS|TAMS 0x000000061f400000| PB 0x000000061f400000| Complete |  0
| 110|0x000000061f800000, 0x000000061fc00000, 0x000000061fc00000|100%| S|CS|TAMS 0x000000061f800000| PB 0x000000061f800000| Complete |  0
| 126|0x0000000623800000, 0x0000000623c00000, 0x0000000623c00000|100%| E|CS|TAMS 0x0000000623800000| PB 0x0000000623800000| Complete |  0

Card table byte_map: [0x0000013e9bdf0000,0x0000013e9cdd0000] _byte_map_base: 0x0000013e98dd0000

Marking Bits: (CMBitMap*) 0x0000013ea4e1feb0
 Bits: [0x0000013e9cdd0000, 0x0000013ea4cd0000)

Polling page: 0x0000013e80c30000

Metaspace:

Usage:
  Non-class:     19.53 MB used.
      Class:      2.98 MB used.
       Both:     22.51 MB used.

Virtual space:
  Non-class space:       64.00 MB reserved,      19.81 MB ( 31%) committed,  1 nodes.
      Class space:        1.00 GB reserved,       3.19 MB ( <1%) committed,  1 nodes.
             Both:        1.06 GB reserved,      23.00 MB (  2%) committed. 

Chunk freelists:
   Non-Class:  11.67 MB
       Class:  12.70 MB
        Both:  24.37 MB

MaxMetaspaceSize: unlimited
CompressedClassSpaceSize: 1.00 GB
Initial GC threshold: 21.00 MB
Current GC threshold: 35.12 MB
CDS: on
 - commit_granule_bytes: 65536.
 - commit_granule_words: 8192.
 - virtual_space_node_default_size: 8388608.
 - enlarge_chunks_in_place: 1.
 - use_allocation_guard: 0.


Internal statistics:

num_allocs_failed_limit: 3.
num_arena_births: 546.
num_arena_deaths: 0.
num_vsnodes_births: 2.
num_vsnodes_deaths: 0.
num_space_committed: 368.
num_space_uncommitted: 0.
num_chunks_returned_to_freelist: 3.
num_chunks_taken_from_freelist: 1176.
num_chunk_merges: 3.
num_chunk_splits: 788.
num_chunks_enlarged: 550.
num_inconsistent_stats: 0.

CodeHeap 'non-profiled nmethods': size=119168Kb used=3031Kb max_used=3031Kb free=116136Kb
 bounds [0x0000013e926c0000, 0x0000013e929c0000, 0x0000013e99b20000]
CodeHeap 'profiled nmethods': size=119104Kb used=12053Kb max_used=12053Kb free=107051Kb
 bounds [0x0000013e8ab20000, 0x0000013e8b6f0000, 0x0000013e91f70000]
CodeHeap 'non-nmethods': size=7488Kb used=1890Kb max_used=3600Kb free=5597Kb
 bounds [0x0000013e91f70000, 0x0000013e92300000, 0x0000013e926c0000]
 total_blobs=6794 nmethods=5912 adapters=783
 compilation: enabled
              stopped_count=0, restarted_count=0
 full_count=0

Compilation events (20 events):
Event: 34.865 Thread 0x0000013ea4fdde70 5907   !   3       java.io.ObjectInputStream$BlockDataInputStream::refill (136 bytes)
Event: 34.865 Thread 0x0000013ea4fdde70 nmethod 5907 0x0000013e8b6e2310 code [0x0000013e8b6e2500, 0x0000013e8b6e29d8]
Event: 34.865 Thread 0x0000013ea4fdde70 5906       1       jdk.internal.event.DeserializationEvent::shouldCommit (2 bytes)
Event: 34.866 Thread 0x0000013ea4fdde70 nmethod 5906 0x0000013e929b5610 code [0x0000013e929b57a0, 0x0000013e929b5868]
Event: 34.866 Thread 0x0000013ea4fdc050 5908       4       java.nio.Buffer::limit (65 bytes)
Event: 34.867 Thread 0x0000013ea4fdde70 5909       3       java.lang.invoke.LambdaForm$MH/0x0000013eaa158c00::invoke (53 bytes)
Event: 34.867 Thread 0x0000013ea4fdde70 nmethod 5909 0x0000013e8b6e2c10 code [0x0000013e8b6e2e00, 0x0000013e8b6e35b0]
Event: 34.867 Thread 0x0000013ea4fdde70 5910       3       java.lang.invoke.LambdaForm$DMH/0x0000013eaa158000::invokeVirtual (14 bytes)
Event: 34.867 Thread 0x0000013ea4fdc050 nmethod 5908 0x0000013e929b5910 code [0x0000013e929b5aa0, 0x0000013e929b5bb0]
Event: 34.867 Thread 0x0000013ea4fdde70 nmethod 5910 0x0000013e8b6e3790 code [0x0000013e8b6e3960, 0x0000013e8b6e3de8]
Event: 34.867 Thread 0x0000013ea4fdde70 5911       3       sun.invoke.util.ValueConversions::boxLong (5 bytes)
Event: 34.868 Thread 0x0000013ea4fdde70 nmethod 5911 0x0000013e8b6e3f10 code [0x0000013e8b6e40c0, 0x0000013e8b6e41d8]
Event: 34.868 Thread 0x0000013ea4fdde70 5912       3       java.util.TreeMap$KeySet::contains (11 bytes)
Event: 34.868 Thread 0x0000013ea4fdde70 nmethod 5912 0x0000013e8b6e4290 code [0x0000013e8b6e4440, 0x0000013e8b6e4620]
Event: 34.868 Thread 0x0000013ea4fdde70 5913       3       javax.management.openmbean.CompositeType::getType (18 bytes)
Event: 34.868 Thread 0x0000013ea4fdde70 nmethod 5913 0x0000013e8b6e4710 code [0x0000013e8b6e48e0, 0x0000013e8b6e4c28]
Event: 34.868 Thread 0x0000013ea4fdde70 5914       3       javax.management.openmbean.SimpleType::isValue (21 bytes)
Event: 34.868 Thread 0x0000013ea4fdde70 nmethod 5914 0x0000013e8b6e4d90 code [0x0000013e8b6e4f60, 0x0000013e8b6e52d0]
Event: 35.470 Thread 0x0000013ea4fdc050 5915       4       java.lang.Module::getClassLoader (20 bytes)
Event: 35.470 Thread 0x0000013ea4fdc050 nmethod 5915 0x0000013e929b5c90 code [0x0000013e929b5e00, 0x0000013e929b5e90]

GC Heap History (6 events):
Event: 0.551 GC heap before
{Heap before GC invocations=0 (full 0):
 garbage-first heap   total reserved 8323072K, committed 520192K, used 20480K [0x0000000604000000, 0x0000000800000000)
  region size 4096K, 6 young (24576K), 0 survivors (0K)
 Metaspace       used 5269K, committed 5504K, reserved 1114112K
  class space    used 585K, committed 704K, reserved 1048576K
}
Event: 0.555 GC heap after
{Heap after GC invocations=1 (full 0):
 garbage-first heap   total reserved 8323072K, committed 520192K, used 4213K [0x0000000604000000, 0x0000000800000000)
  region size 4096K, 1 young (4096K), 1 survivors (4096K)
 Metaspace       used 5269K, committed 5504K, reserved 1114112K
  class space    used 585K, committed 704K, reserved 1048576K
}
Event: 1.492 GC heap before
{Heap before GC invocations=1 (full 0):
 garbage-first heap   total reserved 8323072K, committed 520192K, used 36981K [0x0000000604000000, 0x0000000800000000)
  region size 4096K, 10 young (40960K), 1 survivors (4096K)
 Metaspace       used 13163K, committed 13568K, reserved 1114112K
  class space    used 1627K, committed 1856K, reserved 1048576K
}
Event: 1.497 GC heap after
{Heap after GC invocations=2 (full 0):
 garbage-first heap   total reserved 8323072K, committed 520192K, used 8290K [0x0000000604000000, 0x0000000800000000)
  region size 4096K, 2 young (8192K), 2 survivors (8192K)
 Metaspace       used 13163K, committed 13568K, reserved 1114112K
  class space    used 1627K, committed 1856K, reserved 1048576K
}
Event: 3.251 GC heap before
{Heap before GC invocations=2 (full 0):
 garbage-first heap   total reserved 8323072K, committed 520192K, used 57442K [0x0000000604000000, 0x0000000800000000)
  region size 4096K, 16 young (65536K), 2 survivors (8192K)
 Metaspace       used 21129K, committed 21504K, reserved 1114112K
  class space    used 2951K, committed 3136K, reserved 1048576K
}
Event: 3.260 GC heap after
{Heap after GC invocations=3 (full 0):
 garbage-first heap   total reserved 8323072K, committed 520192K, used 18246K [0x0000000604000000, 0x0000000800000000)
  region size 4096K, 5 young (20480K), 5 survivors (20480K)
 Metaspace       used 21129K, committed 21504K, reserved 1114112K
  class space    used 2951K, committed 3136K, reserved 1048576K
}

Dll operation events (20 events):
Event: 0.539 Loaded shared library C:\Users\josea\.openjfx\cache\22.0.1+7\amd64\api-ms-win-crt-heap-l1-1-0.dll
Event: 0.542 Loaded shared library C:\Users\josea\.openjfx\cache\22.0.1+7\amd64\api-ms-win-crt-locale-l1-1-0.dll
Event: 0.545 Loaded shared library C:\Users\josea\.openjfx\cache\22.0.1+7\amd64\api-ms-win-crt-math-l1-1-0.dll
Event: 0.548 Loaded shared library C:\Users\josea\.openjfx\cache\22.0.1+7\amd64\api-ms-win-crt-multibyte-l1-1-0.dll
Event: 0.558 Loaded shared library C:\Users\josea\.openjfx\cache\22.0.1+7\amd64\api-ms-win-crt-private-l1-1-0.dll
Event: 0.561 Loaded shared library C:\Users\josea\.openjfx\cache\22.0.1+7\amd64\api-ms-win-crt-process-l1-1-0.dll
Event: 0.564 Loaded shared library C:\Users\josea\.openjfx\cache\22.0.1+7\amd64\api-ms-win-crt-runtime-l1-1-0.dll
Event: 0.566 Loaded shared library C:\Users\josea\.openjfx\cache\22.0.1+7\amd64\api-ms-win-crt-stdio-l1-1-0.dll
Event: 0.568 Loaded shared library C:\Users\josea\.openjfx\cache\22.0.1+7\amd64\api-ms-win-crt-string-l1-1-0.dll
Event: 0.570 Loaded shared library C:\Users\josea\.openjfx\cache\22.0.1+7\amd64\api-ms-win-crt-time-l1-1-0.dll
Event: 0.573 Loaded shared library C:\Users\josea\.openjfx\cache\22.0.1+7\amd64\api-ms-win-crt-utility-l1-1-0.dll
Event: 0.588 Loaded shared library C:\Users\josea\.openjfx\cache\22.0.1+7\amd64\ucrtbase.dll
Event: 0.593 Loaded shared library C:\Users\josea\.openjfx\cache\22.0.1+7\amd64\vcruntime140.dll
Event: 0.598 Loaded shared library C:\Users\josea\.openjfx\cache\22.0.1+7\amd64\vcruntime140_1.dll
Event: 0.605 Loaded shared library C:\Users\josea\.openjfx\cache\22.0.1+7\amd64\msvcp140.dll
Event: 0.609 Loaded shared library C:\Users\josea\.openjfx\cache\22.0.1+7\amd64\msvcp140_1.dll
Event: 0.617 Loaded shared library C:\Users\josea\.openjfx\cache\22.0.1+7\amd64\msvcp140_2.dll
Event: 0.672 Loaded shared library C:\Users\josea\.openjfx\cache\22.0.1+7\amd64\prism_d3d.dll
Event: 0.809 Loaded shared library C:\Users\josea\.openjfx\cache\22.0.1+7\amd64\glass.dll
Event: 1.527 Loaded shared library C:\Users\josea\.openjfx\cache\22.0.1+7\amd64\javafx_font.dll

Deoptimization events (20 events):
Event: 24.895 Thread 0x0000013eeeb005e0 Uncommon trap: trap_request=0xffffffc6 fr.pc=0x0000013e9293e774 relative=0x00000000000002d4
Event: 24.895 Thread 0x0000013eeeb005e0 Uncommon trap: reason=bimorphic_or_optimized_type_check action=maybe_recompile pc=0x0000013e9293e774 method=com.sun.javafx.scene.EnteredExitedHandler.dispatchCapturingEvent(Ljavafx/event/Event;)Ljavafx/event/Event; @ 12 c2
Event: 24.895 Thread 0x0000013eeeb005e0 DEOPT PACKING pc=0x0000013e9293e774 sp=0x00000016addf3cc0
Event: 24.895 Thread 0x0000013eeeb005e0 DEOPT UNPACKING pc=0x0000013e91fc46a2 sp=0x00000016addf3c50 mode 2
Event: 24.952 Thread 0x0000013eeeb005e0 Uncommon trap: trap_request=0xffffffd6 fr.pc=0x0000013e9299d7b0 relative=0x0000000000000190
Event: 24.952 Thread 0x0000013eeeb005e0 Uncommon trap: reason=array_check action=maybe_recompile pc=0x0000013e9299d7b0 method=com.sun.javafx.event.EventDispatchChainImpl.insertFirst(Ljavafx/event/EventDispatcher;)V @ 9 c2
Event: 24.952 Thread 0x0000013eeeb005e0 DEOPT PACKING pc=0x0000013e9299d7b0 sp=0x00000016addf3dd0
Event: 24.952 Thread 0x0000013eeeb005e0 DEOPT UNPACKING pc=0x0000013e91fc46a2 sp=0x00000016addf3d70 mode 2
Event: 24.953 Thread 0x0000013eeeb005e0 Uncommon trap: trap_request=0xffffffd6 fr.pc=0x0000013e9299d7b0 relative=0x0000000000000190
Event: 24.953 Thread 0x0000013eeeb005e0 Uncommon trap: reason=array_check action=maybe_recompile pc=0x0000013e9299d7b0 method=com.sun.javafx.event.EventDispatchChainImpl.insertFirst(Ljavafx/event/EventDispatcher;)V @ 9 c2
Event: 24.953 Thread 0x0000013eeeb005e0 DEOPT PACKING pc=0x0000013e9299d7b0 sp=0x00000016addf3dd0
Event: 24.953 Thread 0x0000013eeeb005e0 DEOPT UNPACKING pc=0x0000013e91fc46a2 sp=0x00000016addf3d70 mode 2
Event: 24.954 Thread 0x0000013eeeb005e0 Uncommon trap: trap_request=0xffffffd6 fr.pc=0x0000013e9299d7b0 relative=0x0000000000000190
Event: 24.954 Thread 0x0000013eeeb005e0 Uncommon trap: reason=array_check action=maybe_recompile pc=0x0000013e9299d7b0 method=com.sun.javafx.event.EventDispatchChainImpl.insertFirst(Ljavafx/event/EventDispatcher;)V @ 9 c2
Event: 24.954 Thread 0x0000013eeeb005e0 DEOPT PACKING pc=0x0000013e9299d7b0 sp=0x00000016addf3dd0
Event: 24.954 Thread 0x0000013eeeb005e0 DEOPT UNPACKING pc=0x0000013e91fc46a2 sp=0x00000016addf3d70 mode 2
Event: 24.956 Thread 0x0000013eeeb005e0 Uncommon trap: trap_request=0xffffffd6 fr.pc=0x0000013e9299d7b0 relative=0x0000000000000190
Event: 24.956 Thread 0x0000013eeeb005e0 Uncommon trap: reason=array_check action=maybe_recompile pc=0x0000013e9299d7b0 method=com.sun.javafx.event.EventDispatchChainImpl.insertFirst(Ljavafx/event/EventDispatcher;)V @ 9 c2
Event: 24.956 Thread 0x0000013eeeb005e0 DEOPT PACKING pc=0x0000013e9299d7b0 sp=0x00000016addf3dd0
Event: 24.956 Thread 0x0000013eeeb005e0 DEOPT UNPACKING pc=0x0000013e91fc46a2 sp=0x00000016addf3d70 mode 2

Classes loaded (20 events):
Event: 4.726 Loading class java/util/stream/ReduceOps$5ReducingSink
Event: 4.726 Loading class java/util/stream/ReduceOps$5ReducingSink done
Event: 4.726 Loading class java/util/stream/ReferencePipeline$4$1
Event: 4.726 Loading class java/util/stream/ReferencePipeline$4$1 done
Event: 12.485 Loading class jdk/internal/icu/impl/UCharacterProperty
Event: 12.485 Loading class jdk/internal/icu/impl/UCharacterProperty done
Event: 12.485 Loading class jdk/internal/icu/impl/UCharacterProperty$1
Event: 12.485 Loading class jdk/internal/icu/impl/UCharacterProperty$BiDiIntProperty
Event: 12.485 Loading class jdk/internal/icu/impl/UCharacterProperty$IntProperty
Event: 12.485 Loading class jdk/internal/icu/impl/UCharacterProperty$IntProperty done
Event: 12.485 Loading class jdk/internal/icu/impl/UCharacterProperty$BiDiIntProperty done
Event: 12.485 Loading class jdk/internal/icu/impl/UCharacterProperty$1 done
Event: 12.486 Loading class jdk/internal/icu/impl/UCharacterProperty$IsAcceptable
Event: 12.486 Loading class jdk/internal/icu/impl/UCharacterProperty$IsAcceptable done
Event: 12.486 Loading class jdk/internal/icu/util/VersionInfo
Event: 12.486 Loading class jdk/internal/icu/util/VersionInfo done
Event: 12.497 Loading class java/lang/CharacterData01
Event: 12.498 Loading class java/lang/CharacterData01 done
Event: 35.469 Loading class jdk/internal/misc/Signal$1
Event: 35.469 Loading class jdk/internal/misc/Signal$1 done

Classes unloaded (0 events):
No events

Classes redefined (0 events):
No events

Internal exceptions (20 events):
Event: 1.998 Thread 0x0000013eeeb005e0 Exception <a 'java/lang/NoSuchMethodError'{0x0000000621e24530}: 'int java.lang.invoke.DirectMethodHandle$Holder.invokeSpecial(java.lang.Object, java.lang.Object, int)'> (0x0000000621e24530) 
thrown [s\open\src\hotspot\share\interpreter\linkResolver.cpp, line 774]
Event: 2.011 Thread 0x0000013eeeb005e0 Exception <a 'java/lang/NoSuchMethodError'{0x0000000621ea01b8}: 'java.lang.Object java.lang.invoke.DirectMethodHandle$Holder.newInvokeSpecial(java.lang.Object, java.lang.Object, int)'> (0x0000000621ea01b8) 
thrown [s\open\src\hotspot\share\interpreter\linkResolver.cpp, line 774]
Event: 2.941 Thread 0x0000013eeeb005e0 Exception <a 'java/lang/NoSuchMethodError'{0x0000000621705560}: 'long java.lang.invoke.DirectMethodHandle$Holder.invokeStatic(java.lang.Object, java.lang.Object, java.lang.Object)'> (0x0000000621705560) 
thrown [s\open\src\hotspot\share\interpreter\linkResolver.cpp, line 774]
Event: 2.942 Thread 0x0000013eeeb005e0 Exception <a 'java/lang/NoSuchMethodError'{0x0000000621708930}: 'long java.lang.invoke.DirectMethodHandle$Holder.invokeStaticInit(java.lang.Object, java.lang.Object, java.lang.Object)'> (0x0000000621708930) 
thrown [s\open\src\hotspot\share\interpreter\linkResolver.cpp, line 774]
Event: 2.943 Thread 0x0000013eeeb005e0 Exception <a 'java/lang/NoSuchMethodError'{0x000000062171d1e8}: 'java.lang.Object java.lang.invoke.DirectMethodHandle$Holder.newInvokeSpecial(java.lang.Object, java.lang.Object, long)'> (0x000000062171d1e8) 
thrown [s\open\src\hotspot\share\interpreter\linkResolver.cpp, line 774]
Event: 2.976 Thread 0x0000013ea4fd8db0 Exception <a 'java/lang/NoSuchMethodError'{0x00000006208f98f0}: 'java.lang.Object java.lang.invoke.DirectMethodHandle$Holder.invokeStaticInit(java.lang.Object, int)'> (0x00000006208f98f0) 
thrown [s\open\src\hotspot\share\interpreter\linkResolver.cpp, line 774]
Event: 3.046 Thread 0x0000013eeeb005e0 Exception <a 'java/lang/ClassNotFoundException'{0x0000000620b8dc38}: com/sun/javafx/scene/control/skin/resources/controls> (0x0000000620b8dc38) 
thrown [s\open\src\hotspot\share\prims\jni.cpp, line 539]
Event: 3.046 Thread 0x0000013eeeb005e0 Exception <a 'java/lang/ClassNotFoundException'{0x0000000620b9c368}: com/sun/javafx/scene/control/skin/resources/controls_es> (0x0000000620b9c368) 
thrown [s\open\src\hotspot\share\prims\jni.cpp, line 539]
Event: 3.047 Thread 0x0000013eeeb005e0 Exception <a 'java/lang/ClassNotFoundException'{0x0000000620baa080}: com/sun/javafx/scene/control/skin/resources/controls_es_ES> (0x0000000620baa080) 
thrown [s\open\src\hotspot\share\prims\jni.cpp, line 539]
Event: 3.047 Thread 0x0000013eeeb005e0 Exception <a 'java/lang/NoSuchMethodError'{0x0000000620babab0}: 'void java.lang.invoke.DirectMethodHandle$Holder.invokeSpecial(java.lang.Object, java.lang.Object, java.lang.Object, java.lang.Object, java.lang.Object, java.lang.Object)'> (0x0000000620babab0) 
thrown [s\open\src\hotspot\share\interpreter\linkResolver.cpp, line 774]
Event: 3.882 Thread 0x0000013eeeb005e0 Exception <a 'java/lang/NoSuchMethodError'{0x0000000607321738}: 'java.lang.Object java.lang.invoke.DirectMethodHandle$Holder.newInvokeSpecial(java.lang.Object, java.lang.Object, int, int, int, int, int, java.lang.Object)'> (0x0000000607321738) 
thrown [s\open\src\hotspot\share\interpreter\linkResolver.cpp, line 774]
Event: 3.884 Thread 0x0000013eeeb005e0 Exception <a 'java/lang/NoSuchMethodError'{0x00000006073339b8}: 'java.lang.Object java.lang.invoke.DirectMethodHandle$Holder.newInvokeSpecial(java.lang.Object, java.lang.Object, java.lang.Object, int, int, int, int, int)'> (0x00000006073339b8) 
thrown [s\open\src\hotspot\share\interpreter\linkResolver.cpp, line 774]
Event: 3.885 Thread 0x0000013eeeb005e0 Exception <a 'java/lang/NoSuchMethodError'{0x000000060733b288}: 'java.lang.Object java.lang.invoke.Invokers$Holder.linkToTargetMethod(java.lang.Object, java.lang.Object, int, int, int, int, int, java.lang.Object)'> (0x000000060733b288) 
thrown [s\open\src\hotspot\share\interpreter\linkResolver.cpp, line 774]
Event: 4.752 Thread 0x0000013eeeb005e0 Implicit null exception at 0x0000013e928b8d41 to 0x0000013e928b9340
Event: 12.491 Thread 0x0000013eeeb005e0 Exception <a 'java/io/FileNotFoundException'{0x0000000606701e98}> (0x0000000606701e98) 
thrown [s\open\src\hotspot\share\prims\jni.cpp, line 520]
Event: 12.491 Thread 0x0000013eeeb005e0 Exception <a 'java/io/FileNotFoundException'{0x0000000606704558}> (0x0000000606704558) 
thrown [s\open\src\hotspot\share\prims\jni.cpp, line 520]
Event: 12.493 Thread 0x0000013eeeb005e0 Exception <a 'java/io/FileNotFoundException'{0x00000006067260e0}> (0x00000006067260e0) 
thrown [s\open\src\hotspot\share\prims\jni.cpp, line 520]
Event: 12.493 Thread 0x0000013eeeb005e0 Exception <a 'java/io/FileNotFoundException'{0x00000006067287a0}> (0x00000006067287a0) 
thrown [s\open\src\hotspot\share\prims\jni.cpp, line 520]
Event: 12.530 Thread 0x0000013ea4fd8db0 Implicit null exception at 0x0000013e92935f8f to 0x0000013e929360f4
Event: 24.802 Thread 0x0000013eeeb005e0 Exception <a 'java/lang/NoSuchMethodError'{0x0000000605dbf160}: 'java.lang.Object java.lang.invoke.DirectMethodHandle$Holder.newInvokeSpecial(java.lang.Object, java.lang.Object, java.lang.Object, double, double, double, double, int, int, int, int, int, int, int, int, int)'> (0x0000000605dbf160) 
thrown [s\open\src\hotspot\share\interpreter\linkResolver.cpp, line 774]

ZGC Phase Switch (0 events):
No events

VM Operations (20 events):
Event: 16.906 Executing VM operation: Cleanup done
Event: 17.907 Executing VM operation: Cleanup
Event: 17.907 Executing VM operation: Cleanup done
Event: 20.909 Executing VM operation: Cleanup
Event: 20.909 Executing VM operation: Cleanup done
Event: 23.911 Executing VM operation: Cleanup
Event: 23.911 Executing VM operation: Cleanup done
Event: 24.912 Executing VM operation: Cleanup
Event: 24.912 Executing VM operation: Cleanup done
Event: 25.913 Executing VM operation: Cleanup
Event: 25.914 Executing VM operation: Cleanup done
Event: 26.914 Executing VM operation: Cleanup
Event: 26.914 Executing VM operation: Cleanup done
Event: 27.915 Executing VM operation: Cleanup
Event: 27.915 Executing VM operation: Cleanup done
Event: 30.917 Executing VM operation: Cleanup
Event: 30.917 Executing VM operation: Cleanup done
Event: 31.917 Executing VM operation: Cleanup
Event: 31.917 Executing VM operation: Cleanup done
Event: 35.472 Executing VM operation: Exit

Memory protections (0 events):
No events

Nmethod flushes (0 events):
No events

Events (20 events):
Event: 7.508 Thread 0x0000013ea83b0b90 Thread exited: 0x0000013ea83b0b90
Event: 7.508 Thread 0x0000013ea81f2300 Thread exited: 0x0000013ea81f2300
Event: 7.578 Thread 0x0000013ea81f1c40 Thread exited: 0x0000013ea81f1c40
Event: 8.417 Thread 0x0000013ea4fdde70 Thread added: 0x0000013ef93edf80
Event: 8.418 Thread 0x0000013ea4fdde70 Thread added: 0x0000013ef91fe270
Event: 12.478 Thread 0x0000013ea4fdde70 Thread added: 0x0000013ef91fd4d0
Event: 13.253 Thread 0x0000013ef91fd4d0 Thread exited: 0x0000013ef91fd4d0
Event: 13.253 Thread 0x0000013ef91fe270 Thread exited: 0x0000013ef91fe270
Event: 13.373 Thread 0x0000013ea4fdde70 Thread added: 0x0000013ef91fe940
Event: 13.373 Thread 0x0000013ea4fdde70 Thread added: 0x0000013ef91fce00
Event: 13.947 Thread 0x0000013ef91fce00 Thread exited: 0x0000013ef91fce00
Event: 13.947 Thread 0x0000013ef91fe940 Thread exited: 0x0000013ef91fe940
Event: 14.263 Thread 0x0000013ef93edf80 Thread exited: 0x0000013ef93edf80
Event: 35.469 Thread 0x0000013ea4fcb0c0 Thread added: 0x0000013eeeafeba0
Event: 35.470 Thread 0x0000013eeeafeba0 Thread added: 0x0000013eeeb026b0
Event: 35.470 Thread 0x0000013eeeafeba0 Thread added: 0x0000013eeeaff230
Event: 35.471 Thread 0x0000013eeeaff230 Thread exited: 0x0000013eeeaff230
Event: 35.472 Thread 0x0000013eeeafeba0 Before exit entered
Event: 35.472 Thread 0x0000013eeeb026b0 Thread exited: 0x0000013eeeb026b0
Event: 35.472 Thread 0x0000013ea4fcb0c0 Thread exited: 0x0000013ea4fcb0c0


Dynamic libraries:
0x00007ff7f84e0000 - 0x00007ff7f84f0000 	C:\Program Files\Java\jdk-22\bin\java.exe
0x00007ff83dd80000 - 0x00007ff83dfe5000 	C:\WINDOWS\SYSTEM32\ntdll.dll
0x00007ff83c050000 - 0x00007ff83c119000 	C:\WINDOWS\System32\KERNEL32.DLL
0x00007ff83b730000 - 0x00007ff83bb18000 	C:\WINDOWS\System32\KERNELBASE.dll
0x00007ff83b4b0000 - 0x00007ff83b5fb000 	C:\WINDOWS\System32\ucrtbase.dll
0x00007ff8268c0000 - 0x00007ff8268db000 	C:\Program Files\Java\jdk-22\bin\VCRUNTIME140.dll
0x00007ff8268e0000 - 0x00007ff8268f7000 	C:\Program Files\Java\jdk-22\bin\jli.dll
0x00007ff83c120000 - 0x00007ff83c2ea000 	C:\WINDOWS\System32\USER32.dll
0x00007ff83b480000 - 0x00007ff83b4a7000 	C:\WINDOWS\System32\win32u.dll
0x00007ff83ca40000 - 0x00007ff83ca6b000 	C:\WINDOWS\System32\GDI32.dll
0x00007ff83aed0000 - 0x00007ff83b007000 	C:\WINDOWS\System32\gdi32full.dll
0x00007ff83b190000 - 0x00007ff83b233000 	C:\WINDOWS\System32\msvcp_win.dll
0x00007ff813410000 - 0x00007ff8136aa000 	C:\WINDOWS\WinSxS\amd64_microsoft.windows.common-controls_6595b64144ccf1df_6.0.26100.4202_none_3e0698d4e335f517\COMCTL32.dll
0x00007ff83cb80000 - 0x00007ff83cc29000 	C:\WINDOWS\System32\msvcrt.dll
0x00007ff83d610000 - 0x00007ff83d640000 	C:\WINDOWS\System32\IMM32.DLL
0x00007ff8304b0000 - 0x00007ff8304bc000 	C:\Program Files\Java\jdk-22\bin\vcruntime140_1.dll
0x00007fffe83c0000 - 0x00007fffe844e000 	C:\Program Files\Java\jdk-22\bin\msvcp140.dll
0x00007fff7e270000 - 0x00007fff7efb9000 	C:\Program Files\Java\jdk-22\bin\server\jvm.dll
0x00007ff83d650000 - 0x00007ff83d703000 	C:\WINDOWS\System32\ADVAPI32.dll
0x00007ff83ca70000 - 0x00007ff83cb16000 	C:\WINDOWS\System32\sechost.dll
0x00007ff83bbc0000 - 0x00007ff83bcd5000 	C:\WINDOWS\System32\RPCRT4.dll
0x00007ff83d580000 - 0x00007ff83d5f4000 	C:\WINDOWS\System32\WS2_32.dll
0x00007ff825520000 - 0x00007ff825555000 	C:\WINDOWS\SYSTEM32\WINMM.dll
0x00007ff82b290000 - 0x00007ff82b29b000 	C:\WINDOWS\SYSTEM32\VERSION.dll
0x00007ff839ad0000 - 0x00007ff839b2e000 	C:\WINDOWS\SYSTEM32\POWRPROF.dll
0x00007ff839ab0000 - 0x00007ff839ac4000 	C:\WINDOWS\SYSTEM32\UMPDC.dll
0x00007ff839db0000 - 0x00007ff839dcb000 	C:\WINDOWS\SYSTEM32\kernel.appcore.dll
0x00007ff82e570000 - 0x00007ff82e57a000 	C:\Program Files\Java\jdk-22\bin\jimage.dll
0x00007ff8386b0000 - 0x00007ff8388f1000 	C:\WINDOWS\SYSTEM32\DBGHELP.DLL
0x00007ff83cf10000 - 0x00007ff83d295000 	C:\WINDOWS\System32\combase.dll
0x00007ff83dbd0000 - 0x00007ff83dcb1000 	C:\WINDOWS\System32\OLEAUT32.dll
0x00007ff804dc0000 - 0x00007ff804df9000 	C:\WINDOWS\SYSTEM32\dbgcore.DLL
0x00007ff83b600000 - 0x00007ff83b699000 	C:\WINDOWS\System32\bcryptPrimitives.dll
0x00007ff81b230000 - 0x00007ff81b23f000 	C:\Program Files\Java\jdk-22\bin\instrument.dll
0x00007ff81bde0000 - 0x00007ff81bdfe000 	C:\Program Files\Java\jdk-22\bin\java.dll
0x00007ff83c2f0000 - 0x00007ff83ca32000 	C:\WINDOWS\System32\SHELL32.dll
0x00007ff83b300000 - 0x00007ff83b474000 	C:\WINDOWS\System32\wintypes.dll
0x00007ff83cce0000 - 0x00007ff83ce7e000 	C:\WINDOWS\System32\ole32.dll
0x00007ff838b20000 - 0x00007ff839378000 	C:\WINDOWS\SYSTEM32\windows.storage.dll
0x00007ff83d2a0000 - 0x00007ff83d391000 	C:\WINDOWS\System32\SHCORE.dll
0x00007ff83ce90000 - 0x00007ff83cefa000 	C:\WINDOWS\System32\shlwapi.dll
0x00007ff83ade0000 - 0x00007ff83ae0f000 	C:\WINDOWS\SYSTEM32\profapi.dll
0x00007fffdb2b0000 - 0x00007fffdb387000 	C:\Program Files\Java\jdk-22\bin\jsvml.dll
0x00007ff81b240000 - 0x00007ff81b250000 	C:\Program Files\Java\jdk-22\bin\net.dll
0x00007ff83a320000 - 0x00007ff83a38a000 	C:\WINDOWS\system32\mswsock.dll
0x00007ff81b1e0000 - 0x00007ff81b1f6000 	C:\Program Files\Java\jdk-22\bin\nio.dll
0x00007ff819cf0000 - 0x00007ff819d07000 	C:\Program Files\Java\jdk-22\bin\zip.dll
0x00007ff8397f0000 - 0x00007ff839917000 	C:\WINDOWS\SYSTEM32\DNSAPI.dll
0x00007ff8397b0000 - 0x00007ff8397e3000 	C:\WINDOWS\SYSTEM32\IPHLPAPI.DLL
0x00007ff83bba0000 - 0x00007ff83bbaa000 	C:\WINDOWS\System32\NSI.dll
0x00007ff82ac80000 - 0x00007ff82ac8b000 	C:\Windows\System32\rasadhlp.dll
0x00007ff82d660000 - 0x00007ff82d6e6000 	C:\WINDOWS\System32\fwpuclnt.dll
0x00007ff819cc0000 - 0x00007ff819cca000 	C:\Program Files\Java\jdk-22\bin\management.dll
0x00007ff819c80000 - 0x00007ff819c8b000 	C:\Program Files\Java\jdk-22\bin\management_ext.dll
0x00007ff83bbb0000 - 0x00007ff83bbb8000 	C:\WINDOWS\System32\PSAPI.DLL
0x0000013e80f20000 - 0x0000013e80f23000 	C:\Users\josea\.openjfx\cache\22.0.1+7\amd64\api-ms-win-core-console-l1-1-0.dll
0x0000013e80f30000 - 0x0000013e80f33000 	C:\Users\josea\.openjfx\cache\22.0.1+7\amd64\api-ms-win-core-console-l1-2-0.dll
0x0000013e80f40000 - 0x0000013e80f43000 	C:\Users\josea\.openjfx\cache\22.0.1+7\amd64\api-ms-win-core-datetime-l1-1-0.dll
0x0000013e80f50000 - 0x0000013e80f53000 	C:\Users\josea\.openjfx\cache\22.0.1+7\amd64\api-ms-win-core-debug-l1-1-0.dll
0x0000013e80f60000 - 0x0000013e80f63000 	C:\Users\josea\.openjfx\cache\22.0.1+7\amd64\api-ms-win-core-errorhandling-l1-1-0.dll
0x0000013e80f70000 - 0x0000013e80f74000 	C:\Users\josea\.openjfx\cache\22.0.1+7\amd64\api-ms-win-core-file-l1-1-0.dll
0x0000013e80f80000 - 0x0000013e80f83000 	C:\Users\josea\.openjfx\cache\22.0.1+7\amd64\api-ms-win-core-file-l1-2-0.dll
0x0000013e82840000 - 0x0000013e82843000 	C:\Users\josea\.openjfx\cache\22.0.1+7\amd64\api-ms-win-core-file-l2-1-0.dll
0x0000013e82850000 - 0x0000013e82853000 	C:\Users\josea\.openjfx\cache\22.0.1+7\amd64\api-ms-win-core-handle-l1-1-0.dll
0x0000013e82860000 - 0x0000013e82863000 	C:\Users\josea\.openjfx\cache\22.0.1+7\amd64\api-ms-win-core-heap-l1-1-0.dll
0x0000013e82870000 - 0x0000013e82873000 	C:\Users\josea\.openjfx\cache\22.0.1+7\amd64\api-ms-win-core-interlocked-l1-1-0.dll
0x0000013ea8e10000 - 0x0000013ea8e13000 	C:\Users\josea\.openjfx\cache\22.0.1+7\amd64\api-ms-win-core-libraryloader-l1-1-0.dll
0x0000013ea8e20000 - 0x0000013ea8e23000 	C:\Users\josea\.openjfx\cache\22.0.1+7\amd64\api-ms-win-core-localization-l1-2-0.dll
0x0000013ea8e30000 - 0x0000013ea8e33000 	C:\Users\josea\.openjfx\cache\22.0.1+7\amd64\api-ms-win-core-memory-l1-1-0.dll
0x0000013ea8e40000 - 0x0000013ea8e43000 	C:\Users\josea\.openjfx\cache\22.0.1+7\amd64\api-ms-win-core-namedpipe-l1-1-0.dll
0x0000013ea8e50000 - 0x0000013ea8e53000 	C:\Users\josea\.openjfx\cache\22.0.1+7\amd64\api-ms-win-core-processenvironment-l1-1-0.dll
0x0000013ea8e60000 - 0x0000013ea8e63000 	C:\Users\josea\.openjfx\cache\22.0.1+7\amd64\api-ms-win-core-processthreads-l1-1-0.dll
0x0000013ea8e70000 - 0x0000013ea8e73000 	C:\Users\josea\.openjfx\cache\22.0.1+7\amd64\api-ms-win-core-processthreads-l1-1-1.dll
0x0000013ea8e80000 - 0x0000013ea8e83000 	C:\Users\josea\.openjfx\cache\22.0.1+7\amd64\api-ms-win-core-profile-l1-1-0.dll
0x0000013ea8e90000 - 0x0000013ea8e93000 	C:\Users\josea\.openjfx\cache\22.0.1+7\amd64\api-ms-win-core-rtlsupport-l1-1-0.dll
0x0000013ea8ea0000 - 0x0000013ea8ea3000 	C:\Users\josea\.openjfx\cache\22.0.1+7\amd64\api-ms-win-core-string-l1-1-0.dll
0x0000013ea8eb0000 - 0x0000013ea8eb3000 	C:\Users\josea\.openjfx\cache\22.0.1+7\amd64\api-ms-win-core-synch-l1-1-0.dll
0x0000013ea8ec0000 - 0x0000013ea8ec3000 	C:\Users\josea\.openjfx\cache\22.0.1+7\amd64\api-ms-win-core-synch-l1-2-0.dll
0x0000013ea8ed0000 - 0x0000013ea8ed3000 	C:\Users\josea\.openjfx\cache\22.0.1+7\amd64\api-ms-win-core-sysinfo-l1-1-0.dll
0x0000013ea8ee0000 - 0x0000013ea8ee3000 	C:\Users\josea\.openjfx\cache\22.0.1+7\amd64\api-ms-win-core-timezone-l1-1-0.dll
0x0000013ea8ef0000 - 0x0000013ea8ef3000 	C:\Users\josea\.openjfx\cache\22.0.1+7\amd64\api-ms-win-core-util-l1-1-0.dll
0x0000013ea8f00000 - 0x0000013ea8f03000 	C:\Users\josea\.openjfx\cache\22.0.1+7\amd64\api-ms-win-crt-conio-l1-1-0.dll
0x0000013ea8f10000 - 0x0000013ea8f14000 	C:\Users\josea\.openjfx\cache\22.0.1+7\amd64\api-ms-win-crt-convert-l1-1-0.dll
0x0000013ea8f20000 - 0x0000013ea8f23000 	C:\Users\josea\.openjfx\cache\22.0.1+7\amd64\api-ms-win-crt-environment-l1-1-0.dll
0x0000013ea8f30000 - 0x0000013ea8f33000 	C:\Users\josea\.openjfx\cache\22.0.1+7\amd64\api-ms-win-crt-filesystem-l1-1-0.dll
0x0000013ea8f40000 - 0x0000013ea8f43000 	C:\Users\josea\.openjfx\cache\22.0.1+7\amd64\api-ms-win-crt-heap-l1-1-0.dll
0x0000013ea8f50000 - 0x0000013ea8f53000 	C:\Users\josea\.openjfx\cache\22.0.1+7\amd64\api-ms-win-crt-locale-l1-1-0.dll
0x0000013ea8f60000 - 0x0000013ea8f65000 	C:\Users\josea\.openjfx\cache\22.0.1+7\amd64\api-ms-win-crt-math-l1-1-0.dll
0x0000013ea8f70000 - 0x0000013ea8f75000 	C:\Users\josea\.openjfx\cache\22.0.1+7\amd64\api-ms-win-crt-multibyte-l1-1-0.dll
0x0000013ea8f80000 - 0x0000013ea8f90000 	C:\Users\josea\.openjfx\cache\22.0.1+7\amd64\api-ms-win-crt-private-l1-1-0.dll
0x0000013ea8f90000 - 0x0000013ea8f93000 	C:\Users\josea\.openjfx\cache\22.0.1+7\amd64\api-ms-win-crt-process-l1-1-0.dll
0x0000013ea8fa0000 - 0x0000013ea8fa4000 	C:\Users\josea\.openjfx\cache\22.0.1+7\amd64\api-ms-win-crt-runtime-l1-1-0.dll
0x0000013ea8fb0000 - 0x0000013ea8fb4000 	C:\Users\josea\.openjfx\cache\22.0.1+7\amd64\api-ms-win-crt-stdio-l1-1-0.dll
0x0000013ea8fc0000 - 0x0000013ea8fc4000 	C:\Users\josea\.openjfx\cache\22.0.1+7\amd64\api-ms-win-crt-string-l1-1-0.dll
0x0000013ea8fd0000 - 0x0000013ea8fd3000 	C:\Users\josea\.openjfx\cache\22.0.1+7\amd64\api-ms-win-crt-time-l1-1-0.dll
0x0000013ea8fe0000 - 0x0000013ea8fe3000 	C:\Users\josea\.openjfx\cache\22.0.1+7\amd64\api-ms-win-crt-utility-l1-1-0.dll
0x00007fffaf3f0000 - 0x00007fffaf4ec000 	C:\Users\josea\.openjfx\cache\22.0.1+7\amd64\ucrtbase.dll
0x00007ff819c60000 - 0x00007ff819c7b000 	C:\Users\josea\.openjfx\cache\22.0.1+7\amd64\vcruntime140.dll
0x00007ff819170000 - 0x00007ff81917c000 	C:\Users\josea\.openjfx\cache\22.0.1+7\amd64\vcruntime140_1.dll
0x00007fffd2f80000 - 0x00007fffd300e000 	C:\Users\josea\.openjfx\cache\22.0.1+7\amd64\msvcp140.dll
0x00007ff819160000 - 0x00007ff819169000 	C:\Users\josea\.openjfx\cache\22.0.1+7\amd64\msvcp140_1.dll
0x00007fffe6770000 - 0x00007fffe67b1000 	C:\Users\josea\.openjfx\cache\22.0.1+7\amd64\msvcp140_2.dll
0x00007ffffbcd0000 - 0x00007ffffbd00000 	C:\Users\josea\.openjfx\cache\22.0.1+7\amd64\prism_d3d.dll
0x00007ff800010000 - 0x00007ff8001c7000 	C:\WINDOWS\system32\d3d9.dll
0x00007ff830a60000 - 0x00007ff830a96000 	C:\WINDOWS\SYSTEM32\dwmapi.dll
0x00007ff838050000 - 0x00007ff83809d000 	C:\WINDOWS\SYSTEM32\dxcore.dll
0x00007ff83a5d0000 - 0x00007ff83a5eb000 	C:\WINDOWS\SYSTEM32\CRYPTSP.dll
0x00007ff839d10000 - 0x00007ff839d4a000 	C:\WINDOWS\system32\rsaenh.dll
0x00007ff83a3c0000 - 0x00007ff83a3eb000 	C:\WINDOWS\SYSTEM32\USERENV.dll
0x00007ff830740000 - 0x00007ff8307ef000 	C:\WINDOWS\system32\uxtheme.dll
0x00007ff83adb0000 - 0x00007ff83add6000 	C:\WINDOWS\SYSTEM32\bcrypt.dll
0x00007ff82b2a0000 - 0x00007ff82b362000 	C:\WINDOWS\System32\DriverStore\FileRepository\nvaci.inf_amd64_297c8ee984bcbca1\nvldumdx.dll
0x00007ff83a5f0000 - 0x00007ff83a5fc000 	C:\WINDOWS\SYSTEM32\CRYPTBASE.dll
0x00007ff83a700000 - 0x00007ff83a713000 	C:\WINDOWS\SYSTEM32\msasn1.dll
0x00007ff82b200000 - 0x00007ff82b23b000 	C:\WINDOWS\SYSTEM32\cryptnet.dll
0x00007ff83b010000 - 0x00007ff83b187000 	C:\WINDOWS\System32\CRYPT32.dll
0x00007ff83a690000 - 0x00007ff83a6f3000 	C:\WINDOWS\SYSTEM32\wldp.dll
0x00007ff82ae60000 - 0x00007ff82afdc000 	C:\WINDOWS\SYSTEM32\drvstore.dll
0x00007ff83ab30000 - 0x00007ff83ab5d000 	C:\WINDOWS\SYSTEM32\devobj.dll
0x00007ff83ab60000 - 0x00007ff83abb7000 	C:\WINDOWS\SYSTEM32\CFGMGR32.dll
0x00007ff83b6a0000 - 0x00007ff83b724000 	C:\WINDOWS\System32\wintrust.dll
0x00007ff83d710000 - 0x00007ff83d730000 	C:\WINDOWS\System32\imagehlp.dll
0x00007ff809e40000 - 0x00007ff809e58000 	C:\WINDOWS\system32\napinsp.dll
0x00007ff809340000 - 0x00007ff809352000 	C:\WINDOWS\System32\winrnr.dll
0x00007ff82ac50000 - 0x00007ff82ac70000 	C:\WINDOWS\system32\wshbth.dll
0x00007ff8094f0000 - 0x00007ff809520000 	C:\WINDOWS\system32\nlansp_c.dll
0x00007ff826a00000 - 0x00007ff82a4b2000 	C:\WINDOWS\System32\DriverStore\FileRepository\nvaci.inf_amd64_297c8ee984bcbca1\nvgpucomp64.dll
0x00007ff825560000 - 0x00007ff82563c000 	C:\WINDOWS\System32\DriverStore\FileRepository\nvaci.inf_amd64_297c8ee984bcbca1\NvMemMapStoragex.dll

dbghelp: loaded successfully - version: 4.0.5 - missing functions: none
symbol engine: initialized successfully - sym options: 0x614 - pdb path: .;C:\Program Files\Java\jdk-22\bin;C:\WINDOWS\SYSTEM32;C:\WINDOWS\WinSxS\amd64_microsoft.windows.common-controls_6595b64144ccf1df_6.0.26100.4202_none_3e0698d4e335f517;C:\Program Files\Java\jdk-22\bin\server;C:\Users\josea\.openjfx\cache\22.0.1+7\amd64;C:\WINDOWS\System32\DriverStore\FileRepository\nvaci.inf_amd64_297c8ee984bcbca1;C:\Program Files\Common Files\Microsoft Shared\Ink

VM Arguments:
jvm_args: -javaagent:C:\Program Files\JetBrains\IntelliJ IDEA 2025.1.2\lib\idea_rt.jar=59241 -Dfile.encoding=UTF-8 -Dsun.stdout.encoding=UTF-8 -Dsun.stderr.encoding=UTF-8 --module-path=C:\Users\josea\.m2\repository\org\openjfx\javafx-fxml\22.0.1\javafx-fxml-22.0.1-win.jar;C:\Users\josea\.m2\repository\org\openjfx\javafx-media\22.0.1\javafx-media-22.0.1-win.jar;C:\Users\josea\.m2\repository\org\openjfx\javafx-controls\22.0.1\javafx-controls-22.0.1-win.jar;C:\Users\josea\.m2\repository\com\gluonhq\attach\lifecycle\4.0.17\lifecycle-4.0.17.jar;C:\Users\josea\.m2\repository\org\json\json\20250517\json-20250517.jar;C:\Users\josea\.m2\repository\org\openjfx\javafx-graphics\22.0.1\javafx-graphics-22.0.1-win.jar;C:\Users\josea\.m2\repository\com\github\almasb\fxgl-io\17.3\fxgl-io-17.3.jar;C:\Users\josea\.m2\repository\org\kordamp\ikonli\ikonli-core\12.3.1\ikonli-core-12.3.1.jar;C:\Users\josea\.m2\repository\org\controlsfx\controlsfx\11.2.1\controlsfx-11.2.1.jar;C:\Users\josea\.m2\repository\com\gluonhq\attach\storage\4.0.17\storage-4.0.17.jar;C:\Users\josea\.m2\repository\com\fasterxml\jackson\core\jackson-databind\2.14.2\jackson-databind-2.14.2.jar;C:\Users\josea\Downloads\Programacion\proyectoPoo2\target\classes;C:\Users\josea\.m2\repository\org\openjfx\javafx-base\22.0.1\javafx-base-22.0.1-win.jar;C:\Users\josea\.m2\repository\com\github\almasb\fxgl-entity\17.3\fxgl-entity-17.3.jar;C:\Users\josea\.m2\repository\com\github\almasb\fxgl-core\17.3\fxgl-core-17.3.jar;C:\Users\josea\.m2\repository\com\fasterxml\jackson\core\jackson-annotations\2.14.2\jackson-annotations-2.14.2.jar;C:\Users\josea\.m2\repository\org\jetbrains\kotlin\kotlin-stdlib\1.8.10\kotlin-stdlib-1.8.10.jar;C:\Users\josea\.m2\repository\com\github\almasb\fxgl\17.3\fxgl-17.3.jar;C:\Users\josea\.m2\repository\com\github\almasb\fxgl-gameplay\17.3\fxgl-gameplay-17.3.jar;C:\Users\josea\.m2\repository\com\github\almasb\fxgl-scene\17.3\fxgl-scene-17.3.jar;C:\Users\josea\.m2\repository\com\gluonhq\attach\util\4.0.17\util-4.0.17.jar;C:\Users\josea\.m2\repository\org\kordamp\bootstrapfx\bootstrapfx-core\0.4.0\bootstrapfx-core-0.4.0.jar;C:\Users\josea\.m2\repository\com\fasterxml\jackso-Djdk.module.main=org.example.juego 
java_command: org.example.juego/org.example.juego.JuegoApplication
java_class_path (initial): C:\Users\josea\.m2\repository\org\openjfx\javafx-controls\22.0.1\javafx-controls-22.0.1.jar;C:\Users\josea\.m2\repository\org\openjfx\javafx-graphics\22.0.1\javafx-graphics-22.0.1.jar;C:\Users\josea\.m2\repository\org\openjfx\javafx-base\22.0.1\javafx-base-22.0.1.jar;C:\Users\josea\.m2\repository\org\openjfx\javafx-fxml\22.0.1\javafx-fxml-22.0.1.jar;C:\Users\josea\.m2\repository\org\openjfx\javafx-media\22.0.1\javafx-media-22.0.1.jar;C:\Users\josea\.m2\repository\org\jetbrains\kotlin\kotlin-stdlib-common\1.8.10\kotlin-stdlib-common-1.8.10.jar;C:\Users\josea\.m2\repository\org\jetbrains\annotations\13.0\annotations-13.0.jar
Launcher Type: SUN_STANDARD

[Global flags]
     intx CICompilerCount                          = 12                                        {product} {ergonomic}
     uint ConcGCThreads                            = 4                                         {product} {ergonomic}
     uint G1ConcRefinementThreads                  = 16                                        {product} {ergonomic}
   size_t G1HeapRegionSize                         = 4194304                                   {product} {ergonomic}
   size_t InitialHeapSize                          = 532676608                                 {product} {ergonomic}
   size_t MarkStackSize                            = 4194304                                   {product} {ergonomic}
   size_t MaxHeapSize                              = 8522825728                                {product} {ergonomic}
   size_t MaxNewSize                               = 5112856576                                {product} {ergonomic}
   size_t MinHeapDeltaBytes                        = 4194304                                   {product} {ergonomic}
   size_t MinHeapSize                              = 8388608                                   {product} {ergonomic}
    uintx NonNMethodCodeHeapSize                   = 7602480                                {pd product} {ergonomic}
    uintx NonProfiledCodeHeapSize                  = 122027880                              {pd product} {ergonomic}
    uintx ProfiledCodeHeapSize                     = 122027880                              {pd product} {ergonomic}
    uintx ReservedCodeCacheSize                    = 251658240                              {pd product} {ergonomic}
     bool SegmentedCodeCache                       = true                                      {product} {ergonomic}
   size_t SoftMaxHeapSize                          = 8522825728                             {manageable} {ergonomic}
     bool UseCompressedOops                        = true                           {product lp64_product} {ergonomic}
     bool UseG1GC                                  = true                                      {product} {ergonomic}
     bool UseLargePagesIndividualAllocation        = false                                  {pd product} {ergonomic}

Logging:
Log output configuration:
 #0: stdout all=off uptime,level,tags foldmultilines=false
 #1: stderr all=off uptime,level,tags foldmultilines=false

Environment Variables:
PATH=C:\Program Files\Common Files\Oracle\Java\javapath;C:\WINDOWS\system32;C:\WINDOWS;C:\WINDOWS\System32\Wbem;C:\WINDOWS\System32\WindowsPowerShell\v1.0\;C:\WINDOWS\System32\OpenSSH\;C:\Program Files (x86)\NVIDIA Corporation\PhysX\Common;C:\Program Files\Git\cmd;C:\Program Files\NVIDIA Corporation\NVIDIA App\NvDLISR;C:\Users\josea\AppData\Local\Microsoft\WindowsApps;
USERNAME=josea
OS=Windows_NT
PROCESSOR_IDENTIFIER=Intel64 Family 6 Model 170 Stepping 4, GenuineIntel
TMP=C:\Users\josea\AppData\Local\Temp
TEMP=C:\Users\josea\AppData\Local\Temp




Periodic native trim disabled

---------------  S Y S T E M  ---------------

OS:
 Windows 11 , 64 bit Build 26100 (10.0.26100.4202)
OS uptime: 3 days 17:34 hours
Hyper-V role detected

CPU: total 22 (initial active 22) (11 cores per cpu, 2 threads per core) family 6 model 170 stepping 4 microcode 0x1c, cx8, cmov, fxsr, ht, mmx, 3dnowpref, sse, sse2, sse3, ssse3, sse4.1, sse4.2, popcnt, lzcnt, tsc, tscinvbit, avx, avx2, aes, erms, clmul, bmi1, bmi2, adx, sha, fma, vzeroupper, clflush, clflushopt, clwb, hv, serialize, rdtscp, rdpid, fsrm, f16c, cet_ibt, cet_ss
Processor Information for processor 0
  Max Mhz: 2300, Current Mhz: 2300, Mhz Limit: 2300
Processor Information for processor 1
  Max Mhz: 2300, Current Mhz: 2300, Mhz Limit: 2300
Processor Information for processor 2
  Max Mhz: 1800, Current Mhz: 1800, Mhz Limit: 1800
Processor Information for processor 3
  Max Mhz: 1800, Current Mhz: 1800, Mhz Limit: 1800
Processor Information for processor 4
  Max Mhz: 1800, Current Mhz: 1800, Mhz Limit: 1800
Processor Information for processor 5
  Max Mhz: 1800, Current Mhz: 1800, Mhz Limit: 1800
Processor Information for processor 6
  Max Mhz: 1800, Current Mhz: 1800, Mhz Limit: 1800
Processor Information for processor 7
  Max Mhz: 1800, Current Mhz: 1800, Mhz Limit: 1800
Processor Information for processor 8
  Max Mhz: 1800, Current Mhz: 1800, Mhz Limit: 1800
Processor Information for processor 9
  Max Mhz: 1800, Current Mhz: 1800, Mhz Limit: 1800
Processor Information for processor 10
  Max Mhz: 2300, Current Mhz: 2300, Mhz Limit: 2300
Processor Information for processor 11
  Max Mhz: 2300, Current Mhz: 2300, Mhz Limit: 2300
Processor Information for processor 12
  Max Mhz: 2300, Current Mhz: 2300, Mhz Limit: 2300
Processor Information for processor 13
  Max Mhz: 2300, Current Mhz: 2300, Mhz Limit: 2300
Processor Information for processor 14
  Max Mhz: 2300, Current Mhz: 2300, Mhz Limit: 2300
Processor Information for processor 15
  Max Mhz: 2300, Current Mhz: 2300, Mhz Limit: 2300
Processor Information for processor 16
  Max Mhz: 2300, Current Mhz: 2300, Mhz Limit: 2300
Processor Information for processor 17
  Max Mhz: 2300, Current Mhz: 2300, Mhz Limit: 2300
Processor Information for processor 18
  Max Mhz: 2300, Current Mhz: 2300, Mhz Limit: 2300
Processor Information for processor 19
  Max Mhz: 2300, Current Mhz: 2300, Mhz Limit: 2300
Processor Information for processor 20
  Max Mhz: 2500, Current Mhz: 1000, Mhz Limit: 1000
Processor Information for processor 21
  Max Mhz: 2500, Current Mhz: 1000, Mhz Limit: 1000

Memory: 4k page, system-wide physical 32509M (16836M free)
TotalPageFile size 37629M (AvailPageFile size 12728M)
current process WorkingSet (physical memory assigned to process): 187M, peak: 244M
current process commit charge ("private bytes"): 353M, peak: 792M

vm_info: Java HotSpot(TM) 64-Bit Server VM (22.0.2+9-70) for windows-amd64 JRE (22.0.2+9-70), built on 2024-06-04T16:52:23Z by "mach5one" with MS VC++ 17.6 (VS2022)

END.
